# JRE version: Java(TM) SE Runtime Environment (8.0_281-b09) (build 1.8.0_281-b09)
# Java VM: Java HotSpot(TM) 64-Bit Server VM (25.281-b09 mixed mode windows-amd64 compressed oops)
Heap:
 PSYoungGen      total 71680K, used 11806K [0x00000000d5c00000, 0x00000000da700000, 0x0000000100000000)
  eden space 66560K, 17% used [0x00000000d5c00000,0x00000000d6787a88,0x00000000d9d00000)
  from space 5120K, 0% used [0x00000000da200000,0x00000000da200000,0x00000000da700000)
  to   space 5120K, 0% used [0x00000000d9d00000,0x00000000d9d00000,0x00000000da200000)
 ParOldGen       total 109568K, used 29635K [0x0000000081400000, 0x0000000087f00000, 0x00000000d5c00000)
  object space 109568K, 27% used [0x0000000081400000,0x00000000830f0da8,0x0000000087f00000)
 Metaspace       used 16994K, capacity 17248K, committed 17536K, reserved 1064960K
  class space    used 2089K, capacity 2161K, committed 2176K, reserved 1048576K
GC Heap History (6 events):
Event: 0.571 GC heap before
{Heap before GC invocations=1 (full 0):
 PSYoungGen      total 38400K, used 33280K [0x00000000d5c00000, 0x00000000d8680000, 0x0000000100000000)
  eden space 33280K, 100% used [0x00000000d5c00000,0x00000000d7c80000,0x00000000d7c80000)
  from space 5120K, 0% used [0x00000000d8180000,0x00000000d8180000,0x00000000d8680000)
  to   space 5120K, 0% used [0x00000000d7c80000,0x00000000d7c80000,0x00000000d8180000)
 ParOldGen       total 87552K, used 0K [0x0000000081400000, 0x0000000086980000, 0x00000000d5c00000)
  object space 87552K, 0% used [0x0000000081400000,0x0000000081400000,0x0000000086980000)
 Metaspace       used 11799K, capacity 12032K, committed 12416K, reserved 1060864K
  class space    used 1498K, capacity 1578K, committed 1664K, reserved 1048576K
Event: 0.586 GC heap after
Heap after GC invocations=1 (full 0):
 PSYoungGen      total 38400K, used 2432K [0x00000000d5c00000, 0x00000000da700000, 0x0000000100000000)
  eden space 33280K, 0% used [0x00000000d5c00000,0x00000000d5c00000,0x00000000d7c80000)
  from space 5120K, 47% used [0x00000000d7c80000,0x00000000d7ee0020,0x00000000d8180000)
  to   space 5120K, 0% used [0x00000000da200000,0x00000000da200000,0x00000000da700000)
 ParOldGen       total 87552K, used 35462K [0x0000000081400000, 0x0000000086980000, 0x00000000d5c00000)
  object space 87552K, 40% used [0x0000000081400000,0x00000000836a19c0,0x0000000086980000)
 Metaspace       used 11799K, capacity 12032K, committed 12416K, reserved 1060864K
  class space    used 1498K, capacity 1578K, committed 1664K, reserved 1048576K
}
Event: 9.984 GC heap before
{Heap before GC invocations=2 (full 0):
 PSYoungGen      total 38400K, used 35712K [0x00000000d5c00000, 0x00000000da700000, 0x0000000100000000)
  eden space 33280K, 100% used [0x00000000d5c00000,0x00000000d7c80000,0x00000000d7c80000)
  from space 5120K, 47% used [0x00000000d7c80000,0x00000000d7ee0020,0x00000000d8180000)
  to   space 5120K, 0% used [0x00000000da200000,0x00000000da200000,0x00000000da700000)
 ParOldGen       total 87552K, used 35462K [0x0000000081400000, 0x0000000086980000, 0x00000000d5c00000)
  object space 87552K, 40% used [0x0000000081400000,0x00000000836a19c0,0x0000000086980000)
 Metaspace       used 16130K, capacity 16316K, committed 16768K, reserved 1064960K
  class space    used 1987K, capacity 2065K, committed 2176K, reserved 1048576K
Event: 9.998 GC heap after
Heap after GC invocations=2 (full 0):
 PSYoungGen      total 71680K, used 5094K [0x00000000d5c00000, 0x00000000da700000, 0x0000000100000000)
  eden space 66560K, 0% used [0x00000000d5c00000,0x00000000d5c00000,0x00000000d9d00000)
  from space 5120K, 99% used [0x00000000da200000,0x00000000da6f9b98,0x00000000da700000)
  to   space 5120K, 0% used [0x00000000d9d00000,0x00000000d9d00000,0x00000000da200000)
 ParOldGen       total 87552K, used 51277K [0x0000000081400000, 0x0000000086980000, 0x00000000d5c00000)
  object space 87552K, 58% used [0x0000000081400000,0x00000000846134a0,0x0000000086980000)
 Metaspace       used 16130K, capacity 16316K, committed 16768K, reserved 1064960K
  class space    used 1987K, capacity 2065K, committed 2176K, reserved 1048576K
}
Event: 9.998 GC heap before
{Heap before GC invocations=3 (full 1):
 PSYoungGen      total 71680K, used 5094K [0x00000000d5c00000, 0x00000000da700000, 0x0000000100000000)
  eden space 66560K, 0% used [0x00000000d5c00000,0x00000000d5c00000,0x00000000d9d00000)
  from space 5120K, 99% used [0x00000000da200000,0x00000000da6f9b98,0x00000000da700000)
  to   space 5120K, 0% used [0x00000000d9d00000,0x00000000d9d00000,0x00000000da200000)
 ParOldGen       total 87552K, used 51277K [0x0000000081400000, 0x0000000086980000, 0x00000000d5c00000)
  object space 87552K, 58% used [0x0000000081400000,0x00000000846134a0,0x0000000086980000)
 Metaspace       used 16130K, capacity 16316K, committed 16768K, reserved 1064960K
  class space    used 1987K, capacity 2065K, committed 2176K, reserved 1048576K
Event: 10.026 GC heap after
Heap after GC invocations=3 (full 1):
 PSYoungGen      total 71680K, used 0K [0x00000000d5c00000, 0x00000000da700000, 0x0000000100000000)
  eden space 66560K, 0% used [0x00000000d5c00000,0x00000000d5c00000,0x00000000d9d00000)
  from space 5120K, 0% used [0x00000000da200000,0x00000000da200000,0x00000000da700000)
  to   space 5120K, 0% used [0x00000000d9d00000,0x00000000d9d00000,0x00000000da200000)
 ParOldGen       total 109568K, used 29635K [0x0000000081400000, 0x0000000087f00000, 0x00000000d5c00000)
  object space 109568K, 27% used [0x0000000081400000,0x00000000830f0da8,0x0000000087f00000)
 Metaspace       used 16130K, capacity 16316K, committed 16768K, reserved 1064960K
  class space    used 1987K, capacity 2065K, committed 2176K, reserved 1048576K
}

